2021-06-06 12:43:17,019-case.test_api-DEBUG-接口的返回结果为:{'timestamp': '2021-06-06 12:43:14.475', 'status': 404, 'error': 'Not Found', 'message': 'No message available', 'path': '/api/n/user/login/mobile'}
2021-06-06 12:44:09,963-case.test_api-DEBUG-接口的返回结果为:{'timestamp': '2021-06-06 12:44:07.418', 'status': 404, 'error': 'Not Found', 'message': 'No message available', 'path': '/api/n/user/login/mobile'}
2021-06-07 09:32:53,331-case.test_api-DEBUG-接口的返回结果为:{'code': 0, 'data': {'token': 'PrGKKjgbVYp8FUThlYjaH2LbErj2QMe88q7w', 'registered': True, 'inviteBy': '564945', 'kyToken': 'qYIs3SlT0QdOqZxC6Nn8PNhP1VHiboJebxzO', 'uid': 5, 'newUser': False}}
2021-06-07 09:34:09,007-case.test_api-DEBUG-接口的返回结果为:{'code': 0, 'data': {'token': 'PrGKKjgbVYp8FUThlYjaH2LbErj2QMe88q7w', 'registered': True, 'inviteBy': '564945', 'kyToken': 'qYIs3SlT0QdOqZxC6Nn8PNhP1VHiboJebxzO', 'uid': 5, 'newUser': False}}
2021-06-07 09:37:27,284-case.test_api-DEBUG-接口的返回结果为:{'code': 0, 'data': {'token': 'PrGKKjgbVYp8FUThlYjaH2LbErj2QMe88q7w', 'registered': True, 'inviteBy': '564945', 'kyToken': 'qYIs3SlT0QdOqZxC6Nn8PNhP1VHiboJebxzO', 'uid': 5, 'newUser': False}}
2021-06-07 09:37:46,621-case.test_api-DEBUG-接口的返回结果为:{'code': 0, 'data': {'token': 'PrGKKjgbVYp8FUThlYjaH2LbErj2QMe88q7w', 'registered': True, 'inviteBy': '564945', 'kyToken': 'qYIs3SlT0QdOqZxC6Nn8PNhP1VHiboJebxzO', 'uid': 5, 'newUser': False}}
2021-06-07 10:50:12,364-case.test_api-DEBUG-type(result):<class 'dict'>
2021-06-07 10:51:05,278-case.test_api-DEBUG-接口的返回结果为:{'code': 0, 'data': {'token': 'PrGKKjgbVYp8FUThlYjaH2LbErj2QMe88q7w', 'registered': True, 'inviteBy': '564945', 'kyToken': 'qYIs3SlT0QdOqZxC6Nn8PNhP1VHiboJebxzO', 'uid': 5, 'newUser': False}}
2021-06-07 10:52:42,062-conftest-DEBUG-清除成功
2021-06-07 10:52:42,276-case.test_api-DEBUG-接口的返回结果为:{'code': 0, 'data': {'token': 'PrGKKjgbVYp8FUThlYjaH2LbErj2QMe88q7w', 'registered': True, 'inviteBy': '564945', 'kyToken': 'qYIs3SlT0QdOqZxC6Nn8PNhP1VHiboJebxzO', 'uid': 5, 'newUser': False}}
2021-06-07 10:56:19,322-conftest-DEBUG-清除成功
2021-06-07 10:56:19,692-common.yaml_util-DEBUG-写入成功
2021-06-07 10:56:19,692-case.test_api-DEBUG-接口的返回结果为:{'code': 0, 'data': {'token': 'PrGKKjgbVYp8FUThlYjaH2LbErj2QMe88q7w', 'registered': True, 'inviteBy': '564945', 'kyToken': 'qYIs3SlT0QdOqZxC6Nn8PNhP1VHiboJebxzO', 'uid': 5, 'newUser': False}}
2021-06-07 10:56:36,599-conftest-DEBUG-清除成功
2021-06-07 10:57:01,784-conftest-DEBUG-清除成功
2021-06-07 10:57:02,085-common.yaml_util-DEBUG-写入成功{'token': 'PrGKKjgbVYp8FUThlYjaH2LbErj2QMe88q7w'}
2021-06-07 10:57:02,085-case.test_api-DEBUG-接口的返回结果为:{'code': 0, 'data': {'token': 'PrGKKjgbVYp8FUThlYjaH2LbErj2QMe88q7w', 'registered': True, 'inviteBy': '564945', 'kyToken': 'qYIs3SlT0QdOqZxC6Nn8PNhP1VHiboJebxzO', 'uid': 5, 'newUser': False}}
2021-06-07 10:58:45,436-conftest-DEBUG-清除成功
2021-06-07 10:58:45,616-common.yaml_util-DEBUG-写入成功{'token': 'PrGKKjgbVYp8FUThlYjaH2LbErj2QMe88q7w'}
2021-06-07 10:58:45,617-case.test_api-DEBUG-接口的返回结果为:{'code': 0, 'data': {'token': 'PrGKKjgbVYp8FUThlYjaH2LbErj2QMe88q7w', 'registered': True, 'inviteBy': '564945', 'kyToken': 'qYIs3SlT0QdOqZxC6Nn8PNhP1VHiboJebxzO', 'uid': 5, 'newUser': False}}
2021-06-07 10:59:57,012-conftest-DEBUG-清除成功
2021-06-07 10:59:57,661-common.yaml_util-DEBUG-写入成功{'token': 'PrGKKjgbVYp8FUThlYjaH2LbErj2QMe88q7w'}
2021-06-07 10:59:57,662-case.test_api-DEBUG-接口的返回结果为:{'code': 0, 'data': {'token': 'PrGKKjgbVYp8FUThlYjaH2LbErj2QMe88q7w', 'registered': True, 'inviteBy': '564945', 'kyToken': 'qYIs3SlT0QdOqZxC6Nn8PNhP1VHiboJebxzO', 'uid': 5, 'newUser': False}}
2021-06-07 11:00:34,799-conftest-DEBUG-清除成功
2021-06-07 11:00:35,204-common.yaml_util-DEBUG-写入成功{'token': 'PrGKKjgbVYp8FUThlYjaH2LbErj2QMe88q7w'}
2021-06-07 11:00:35,204-case.test_api-DEBUG-接口的返回结果为:{'code': 0, 'data': {'token': 'PrGKKjgbVYp8FUThlYjaH2LbErj2QMe88q7w', 'registered': True, 'inviteBy': '564945', 'kyToken': 'qYIs3SlT0QdOqZxC6Nn8PNhP1VHiboJebxzO', 'uid': 5, 'newUser': False}}
2021-06-07 11:00:35,205-case.test_api-DEBUG-读取成功:PrGKKjgbVYp8FUThlYjaH2LbErj2QMe88q7w
2021-06-07 11:12:50,098-conftest-DEBUG-清除成功
2021-06-07 11:12:50,306-common.yaml_util-DEBUG-写入成功:%s{'token': 'PrGKKjgbVYp8FUThlYjaH2LbErj2QMe88q7w'}
2021-06-07 11:12:50,306-case.test_api-DEBUG-接口的返回结果为:{'code': 0, 'data': {'token': 'PrGKKjgbVYp8FUThlYjaH2LbErj2QMe88q7w', 'registered': True, 'inviteBy': '564945', 'kyToken': 'qYIs3SlT0QdOqZxC6Nn8PNhP1VHiboJebxzO', 'uid': 5, 'newUser': False}}
2021-06-07 11:12:50,307-case.test_api-DEBUG-读取成功:PrGKKjgbVYp8FUThlYjaH2LbErj2QMe88q7w
2021-06-07 11:13:19,126-conftest-DEBUG-清除成功
2021-06-07 11:13:19,559-common.yaml_util-DEBUG-写入成功:%s{'token': 'PrGKKjgbVYp8FUThlYjaH2LbErj2QMe88q7w'}
2021-06-07 11:13:19,559-case.test_api-DEBUG-接口的返回结果为:{'code': 0, 'data': {'token': 'PrGKKjgbVYp8FUThlYjaH2LbErj2QMe88q7w', 'registered': True, 'inviteBy': '564945', 'kyToken': 'qYIs3SlT0QdOqZxC6Nn8PNhP1VHiboJebxzO', 'uid': 5, 'newUser': False}}
2021-06-07 11:13:19,560-case.test_api-DEBUG-读取成功:PrGKKjgbVYp8FUThlYjaH2LbErj2QMe88q7w
2021-06-08 11:06:37,521-conftest-DEBUG-清除成功
2021-06-08 11:07:22,199-conftest-DEBUG-清除成功
2021-06-08 11:07:22,368-common.yaml_util-DEBUG-写入成功:{'token': 'PrGKKjgbVYp8FUThlYjaH2LbErj2QMe88q7w'}
2021-06-08 11:07:22,369-case.test_api-DEBUG-接口的返回结果为:{'code': 0, 'data': {'token': 'PrGKKjgbVYp8FUThlYjaH2LbErj2QMe88q7w', 'registered': True, 'inviteBy': '564945', 'kyToken': 'qYIs3SlT0QdOqZxC6Nn8PNhP1VHiboJebxzO', 'uid': 5, 'newUser': False}}
2021-06-08 11:07:22,369-case.test_api-DEBUG-读取成功:PrGKKjgbVYp8FUThlYjaH2LbErj2QMe88q7w
2021-06-08 11:08:11,072-conftest-DEBUG-清除成功
2021-06-08 11:08:11,204-common.yaml_util-DEBUG-写入成功:{'token': 'PrGKKjgbVYp8FUThlYjaH2LbErj2QMe88q7w'}
2021-06-08 11:10:30,718-conftest-DEBUG-清除成功
2021-06-08 11:10:31,379-common.yaml_util-DEBUG-写入成功:{'token': 'PrGKKjgbVYp8FUThlYjaH2LbErj2QMe88q7w'}
2021-06-08 11:10:31,379-case.test_api-DEBUG-接口的返回结果为:{'code': 0, 'data': {'token': 'PrGKKjgbVYp8FUThlYjaH2LbErj2QMe88q7w', 'registered': True, 'inviteBy': '564945', 'kyToken': 'qYIs3SlT0QdOqZxC6Nn8PNhP1VHiboJebxzO', 'uid': 5, 'newUser': False}}
2021-06-08 11:11:07,815-conftest-DEBUG-清除成功
2021-06-08 11:11:08,000-common.yaml_util-DEBUG-写入成功:{'token': 'PrGKKjgbVYp8FUThlYjaH2LbErj2QMe88q7w'}
2021-06-08 11:11:08,000-case.test_api-DEBUG-接口的返回结果为:{'code': 0, 'data': {'token': 'PrGKKjgbVYp8FUThlYjaH2LbErj2QMe88q7w', 'registered': True, 'inviteBy': '564945', 'kyToken': 'qYIs3SlT0QdOqZxC6Nn8PNhP1VHiboJebxzO', 'uid': 5, 'newUser': False}}
2021-06-08 11:12:40,699-conftest-DEBUG-清除成功
2021-06-08 11:12:40,793-common.yaml_util-DEBUG-写入成功:{'token': 'PrGKKjgbVYp8FUThlYjaH2LbErj2QMe88q7w'}
2021-06-08 11:12:40,794-case.test_api-DEBUG-接口的返回结果为:{'code': 0, 'data': {'token': 'PrGKKjgbVYp8FUThlYjaH2LbErj2QMe88q7w', 'registered': True, 'inviteBy': '564945', 'kyToken': 'qYIs3SlT0QdOqZxC6Nn8PNhP1VHiboJebxzO', 'uid': 5, 'newUser': False}}
2021-06-08 11:13:30,385-conftest-DEBUG-清除成功
2021-06-08 11:13:30,541-common.yaml_util-DEBUG-写入成功:{'token': 'PrGKKjgbVYp8FUThlYjaH2LbErj2QMe88q7w'}
2021-06-08 11:13:30,541-case.test_api-DEBUG-接口的返回结果为:{'code': 0, 'data': {'token': 'PrGKKjgbVYp8FUThlYjaH2LbErj2QMe88q7w', 'registered': True, 'inviteBy': '564945', 'kyToken': 'qYIs3SlT0QdOqZxC6Nn8PNhP1VHiboJebxzO', 'uid': 5, 'newUser': False}}
2021-06-08 11:14:22,954-conftest-DEBUG-清除成功
2021-06-08 11:14:23,236-common.yaml_util-DEBUG-写入成功:{'token': 'PrGKKjgbVYp8FUThlYjaH2LbErj2QMe88q7w'}
2021-06-08 11:14:23,236-case.test_api-DEBUG-接口的返回结果为:{'code': 0, 'data': {'token': 'PrGKKjgbVYp8FUThlYjaH2LbErj2QMe88q7w', 'registered': True, 'inviteBy': '564945', 'kyToken': 'qYIs3SlT0QdOqZxC6Nn8PNhP1VHiboJebxzO', 'uid': 5, 'newUser': False}}
2021-06-08 11:14:57,257-conftest-DEBUG-清除成功
2021-06-08 11:14:57,425-common.yaml_util-DEBUG-写入成功:{'token': 'PrGKKjgbVYp8FUThlYjaH2LbErj2QMe88q7w'}
2021-06-08 11:14:57,425-case.test_api-DEBUG-接口的返回结果为:{'code': 0, 'data': {'token': 'PrGKKjgbVYp8FUThlYjaH2LbErj2QMe88q7w', 'registered': True, 'inviteBy': '564945', 'kyToken': 'qYIs3SlT0QdOqZxC6Nn8PNhP1VHiboJebxzO', 'uid': 5, 'newUser': False}}
2021-06-08 11:16:28,352-conftest-DEBUG-清除成功
2021-06-08 11:16:28,610-common.yaml_util-DEBUG-写入成功:{'token': 'PrGKKjgbVYp8FUThlYjaH2LbErj2QMe88q7w'}
2021-06-08 11:16:28,611-case.test_api-DEBUG-接口的返回结果为:{'code': 0, 'data': {'token': 'PrGKKjgbVYp8FUThlYjaH2LbErj2QMe88q7w', 'registered': True, 'inviteBy': '564945', 'kyToken': 'qYIs3SlT0QdOqZxC6Nn8PNhP1VHiboJebxzO', 'uid': 5, 'newUser': False}}
2021-06-08 11:18:01,879-conftest-DEBUG-清除成功
2021-06-08 11:18:02,171-common.yaml_util-DEBUG-写入成功:{'token': 'PrGKKjgbVYp8FUThlYjaH2LbErj2QMe88q7w'}
2021-06-08 11:18:02,172-case.test_api-DEBUG-接口的返回结果为:{'code': 0, 'data': {'token': 'PrGKKjgbVYp8FUThlYjaH2LbErj2QMe88q7w', 'registered': True, 'inviteBy': '564945', 'kyToken': 'qYIs3SlT0QdOqZxC6Nn8PNhP1VHiboJebxzO', 'uid': 5, 'newUser': False}}
2021-06-08 11:18:18,971-conftest-DEBUG-清除成功
2021-06-08 11:18:19,187-common.yaml_util-DEBUG-写入成功:{'token': 'PrGKKjgbVYp8FUThlYjaH2LbErj2QMe88q7w'}
2021-06-08 11:18:19,187-case.test_api-DEBUG-接口的返回结果为:{'code': 0, 'data': {'token': 'PrGKKjgbVYp8FUThlYjaH2LbErj2QMe88q7w', 'registered': True, 'inviteBy': '564945', 'kyToken': 'qYIs3SlT0QdOqZxC6Nn8PNhP1VHiboJebxzO', 'uid': 5, 'newUser': False}}
2021-06-08 11:19:35,915-conftest-DEBUG-清除成功
2021-06-08 11:19:36,132-common.yaml_util-DEBUG-写入成功:{'token': 'PrGKKjgbVYp8FUThlYjaH2LbErj2QMe88q7w'}
2021-06-08 11:19:36,132-case.test_api-DEBUG-接口的返回结果为:{'code': 0, 'data': {'token': 'PrGKKjgbVYp8FUThlYjaH2LbErj2QMe88q7w', 'registered': True, 'inviteBy': '564945', 'kyToken': 'qYIs3SlT0QdOqZxC6Nn8PNhP1VHiboJebxzO', 'uid': 5, 'newUser': False}}
2021-06-08 11:20:13,184-conftest-DEBUG-清除成功
2021-06-08 11:20:13,871-common.yaml_util-DEBUG-写入成功:{'token': 'PrGKKjgbVYp8FUThlYjaH2LbErj2QMe88q7w'}
2021-06-08 11:20:13,871-case.test_api-DEBUG-接口的返回结果为:{'code': 0, 'data': {'token': 'PrGKKjgbVYp8FUThlYjaH2LbErj2QMe88q7w', 'registered': True, 'inviteBy': '564945', 'kyToken': 'qYIs3SlT0QdOqZxC6Nn8PNhP1VHiboJebxzO', 'uid': 5, 'newUser': False}}
2021-06-08 11:20:54,458-conftest-DEBUG-清除成功
2021-06-08 11:20:55,276-common.yaml_util-DEBUG-写入成功:{'token': 'PrGKKjgbVYp8FUThlYjaH2LbErj2QMe88q7w'}
2021-06-08 11:20:55,276-case.test_api-DEBUG-接口的返回结果为:{'code': 0, 'data': {'token': 'PrGKKjgbVYp8FUThlYjaH2LbErj2QMe88q7w', 'registered': True, 'inviteBy': '564945', 'kyToken': 'qYIs3SlT0QdOqZxC6Nn8PNhP1VHiboJebxzO', 'uid': 5, 'newUser': False}}
2021-06-08 11:21:19,654-conftest-DEBUG-清除成功
2021-06-08 11:21:20,029-common.yaml_util-DEBUG-写入成功:{'token': 'PrGKKjgbVYp8FUThlYjaH2LbErj2QMe88q7w'}
2021-06-08 11:21:20,029-case.test_api-DEBUG-接口的返回结果为:{'code': 0, 'data': {'token': 'PrGKKjgbVYp8FUThlYjaH2LbErj2QMe88q7w', 'registered': True, 'inviteBy': '564945', 'kyToken': 'qYIs3SlT0QdOqZxC6Nn8PNhP1VHiboJebxzO', 'uid': 5, 'newUser': False}}
2021-06-08 11:22:04,676-conftest-DEBUG-清除成功
2021-06-08 11:22:04,811-common.yaml_util-DEBUG-写入成功:{'token': 'PrGKKjgbVYp8FUThlYjaH2LbErj2QMe88q7w'}
2021-06-08 11:22:04,811-case.test_api-DEBUG-接口的返回结果为:{'code': 0, 'data': {'token': 'PrGKKjgbVYp8FUThlYjaH2LbErj2QMe88q7w', 'registered': True, 'inviteBy': '564945', 'kyToken': 'qYIs3SlT0QdOqZxC6Nn8PNhP1VHiboJebxzO', 'uid': 5, 'newUser': False}}
2021-06-08 11:23:08,686-conftest-DEBUG-清除成功
2021-06-08 11:23:08,873-common.yaml_util-DEBUG-写入成功:{'token': 'PrGKKjgbVYp8FUThlYjaH2LbErj2QMe88q7w'}
2021-06-08 11:23:08,873-case.test_api-DEBUG-接口的返回结果为:{'code': 0, 'data': {'token': 'PrGKKjgbVYp8FUThlYjaH2LbErj2QMe88q7w', 'registered': True, 'inviteBy': '564945', 'kyToken': 'qYIs3SlT0QdOqZxC6Nn8PNhP1VHiboJebxzO', 'uid': 5, 'newUser': False}}
2021-06-08 11:23:22,549-conftest-DEBUG-清除成功
2021-06-08 11:23:22,779-common.yaml_util-DEBUG-写入成功:{'token': 'PrGKKjgbVYp8FUThlYjaH2LbErj2QMe88q7w'}
2021-06-08 11:23:22,779-case.test_api-DEBUG-接口的返回结果为:{'code': 0, 'data': {'token': 'PrGKKjgbVYp8FUThlYjaH2LbErj2QMe88q7w', 'registered': True, 'inviteBy': '564945', 'kyToken': 'qYIs3SlT0QdOqZxC6Nn8PNhP1VHiboJebxzO', 'uid': 5, 'newUser': False}}
2021-06-08 11:23:50,594-conftest-DEBUG-清除成功
2021-06-08 11:23:50,923-common.yaml_util-DEBUG-写入成功:{'token': 'PrGKKjgbVYp8FUThlYjaH2LbErj2QMe88q7w'}
2021-06-08 11:23:50,924-case.test_api-DEBUG-接口的返回结果为:{'code': 0, 'data': {'token': 'PrGKKjgbVYp8FUThlYjaH2LbErj2QMe88q7w', 'registered': True, 'inviteBy': '564945', 'kyToken': 'qYIs3SlT0QdOqZxC6Nn8PNhP1VHiboJebxzO', 'uid': 5, 'newUser': False}}
2021-06-08 11:27:38,530-conftest-DEBUG-清除成功
2021-06-08 11:27:38,680-common.yaml_util-DEBUG-写入成功:{'token': 'PrGKKjgbVYp8FUThlYjaH2LbErj2QMe88q7w'}
2021-06-08 11:27:38,680-case.test_api-DEBUG-接口的返回结果为:{'code': 0, 'data': {'token': 'PrGKKjgbVYp8FUThlYjaH2LbErj2QMe88q7w', 'registered': True, 'inviteBy': '564945', 'kyToken': 'qYIs3SlT0QdOqZxC6Nn8PNhP1VHiboJebxzO', 'uid': 5, 'newUser': False}}
2021-06-08 11:27:57,293-conftest-DEBUG-清除成功
2021-06-08 11:27:57,418-common.yaml_util-DEBUG-写入成功:{'token': 'PrGKKjgbVYp8FUThlYjaH2LbErj2QMe88q7w'}
2021-06-08 11:27:57,418-case.test_api-DEBUG-接口的返回结果为:{'code': 0, 'data': {'token': 'PrGKKjgbVYp8FUThlYjaH2LbErj2QMe88q7w', 'registered': True, 'inviteBy': '564945', 'kyToken': 'qYIs3SlT0QdOqZxC6Nn8PNhP1VHiboJebxzO', 'uid': 5, 'newUser': False}}
2021-06-08 14:01:05,757-conftest-DEBUG-清除成功
2021-06-08 14:01:06,139-common.yaml_util-DEBUG-写入成功:{'token': 'PrGKKjgbVYp8FUThlYjaH2LbErj2QMe88q7w'}
2021-06-08 14:01:06,139-case.test_api-DEBUG-接口的返回结果为:{'code': 0, 'data': {'token': 'PrGKKjgbVYp8FUThlYjaH2LbErj2QMe88q7w', 'registered': True, 'inviteBy': '564945', 'kyToken': 'qYIs3SlT0QdOqZxC6Nn8PNhP1VHiboJebxzO', 'uid': 5, 'newUser': False}}
2021-06-08 14:01:27,795-conftest-DEBUG-清除成功
2021-06-08 14:01:28,198-common.yaml_util-DEBUG-写入成功:{'token': 'PrGKKjgbVYp8FUThlYjaH2LbErj2QMe88q7w'}
2021-06-08 14:01:28,199-case.test_api-DEBUG-接口的返回结果为:{'code': 0, 'data': {'token': 'PrGKKjgbVYp8FUThlYjaH2LbErj2QMe88q7w', 'registered': True, 'inviteBy': '564945', 'kyToken': 'qYIs3SlT0QdOqZxC6Nn8PNhP1VHiboJebxzO', 'uid': 5, 'newUser': False}}
2021-06-08 14:01:51,311-conftest-DEBUG-清除成功
2021-06-08 14:01:51,490-case.test_api-DEBUG-接口的返回结果为:{'code': 0, 'data': {'token': 'PrGKKjgbVYp8FUThlYjaH2LbErj2QMe88q7w', 'registered': True, 'inviteBy': '564945', 'kyToken': 'qYIs3SlT0QdOqZxC6Nn8PNhP1VHiboJebxzO', 'uid': 5, 'newUser': False}}
2021-06-08 14:01:51,491-common.yaml_util-DEBUG-写入成功:{'token': 'PrGKKjgbVYp8FUThlYjaH2LbErj2QMe88q7w'}
2021-06-08 14:01:51,506-case.test_api-DEBUG-接口的返回结果为:{'code': 1, 'error': '密码不正确，请重新输入'}
2021-06-08 14:01:51,506-case.test_api-DEBUG-接口的返回结果为:{'code': 1, 'error': '密码不正确，请重新输入'}
2021-06-08 14:03:35,592-conftest-DEBUG-清除成功
2021-06-08 14:03:50,867-case.test_api-DEBUG-接口的返回结果为:{'code': 0, 'data': {'token': 'PrGKKjgbVYp8FUThlYjaH2LbErj2QMe88q7w', 'registered': True, 'inviteBy': '564945', 'kyToken': 'qYIs3SlT0QdOqZxC6Nn8PNhP1VHiboJebxzO', 'uid': 5, 'newUser': False}}
2021-06-08 14:03:50,868-common.yaml_util-DEBUG-写入成功:{'token': 'PrGKKjgbVYp8FUThlYjaH2LbErj2QMe88q7w'}
2021-06-08 14:03:50,882-case.test_api-DEBUG-接口的返回结果为:{'code': 1, 'error': '密码不正确，请重新输入'}
2021-06-08 14:03:50,882-case.test_api-DEBUG-接口的返回结果为:{'code': 1, 'error': '密码不正确，请重新输入'}
2021-06-08 14:03:50,894-case.test_api-DEBUG-接口的返回结果为:{'code': 1, 'error': '密码不正确，请重新输入'}
2021-06-08 14:03:50,894-case.test_api-DEBUG-接口的返回结果为:{'code': 1, 'error': '密码不正确，请重新输入'}
2021-06-08 14:03:50,894-case.test_api-DEBUG-接口的返回结果为:{'code': 1, 'error': '密码不正确，请重新输入'}
2021-06-08 14:05:29,396-conftest-DEBUG-清除成功
2021-06-08 14:05:29,837-case.test_api-DEBUG-正常账号密码登录用例返回结果为:{'code': 0, 'data': {'token': 'PrGKKjgbVYp8FUThlYjaH2LbErj2QMe88q7w', 'registered': True, 'inviteBy': '564945', 'kyToken': 'qYIs3SlT0QdOqZxC6Nn8PNhP1VHiboJebxzO', 'uid': 5, 'newUser': False}}
2021-06-08 14:05:29,838-common.yaml_util-DEBUG-写入成功:{'token': 'PrGKKjgbVYp8FUThlYjaH2LbErj2QMe88q7w'}
2021-06-08 14:05:29,854-case.test_api-DEBUG-错误密码登录用例返回结果为:{'code': 1, 'error': '密码不正确，请重新输入'}
2021-06-08 14:05:29,854-case.test_api-DEBUG-错误密码登录用例返回结果为:{'code': 1, 'error': '密码不正确，请重新输入'}
2021-06-08 14:05:29,867-case.test_api-DEBUG-未加密密码登录用例返回结果为:{'code': 1, 'error': '密码不正确，请重新输入'}
2021-06-08 14:05:29,867-case.test_api-DEBUG-未加密密码登录用例返回结果为:{'code': 1, 'error': '密码不正确，请重新输入'}
2021-06-08 14:05:29,867-case.test_api-DEBUG-未加密密码登录用例返回结果为:{'code': 1, 'error': '密码不正确，请重新输入'}
2021-06-08 14:07:35,337-conftest-DEBUG-清除成功
2021-06-08 14:08:47,339-conftest-DEBUG-清除成功
2021-06-08 14:08:47,547-case.test_api-DEBUG-正常账号密码登录用例返回结果为:{'code': 0, 'data': {'token': 'PrGKKjgbVYp8FUThlYjaH2LbErj2QMe88q7w', 'registered': True, 'inviteBy': '564945', 'kyToken': 'qYIs3SlT0QdOqZxC6Nn8PNhP1VHiboJebxzO', 'uid': 5, 'newUser': False}}
2021-06-08 14:08:47,548-common.yaml_util-DEBUG-写入成功:{'token': 'PrGKKjgbVYp8FUThlYjaH2LbErj2QMe88q7w'}
2021-06-08 14:08:47,570-case.test_api-DEBUG-错误密码登录用例返回结果为:{'code': 1, 'error': '密码不正确，请重新输入'}
2021-06-08 14:08:47,570-case.test_api-DEBUG-错误密码登录用例返回结果为:{'code': 1, 'error': '密码不正确，请重新输入'}
2021-06-08 14:08:47,582-case.test_api-DEBUG-未加密密码登录用例返回结果为:{'code': 1, 'error': '密码不正确，请重新输入'}
2021-06-08 14:08:47,582-case.test_api-DEBUG-未加密密码登录用例返回结果为:{'code': 1, 'error': '密码不正确，请重新输入'}
2021-06-08 14:08:47,582-case.test_api-DEBUG-未加密密码登录用例返回结果为:{'code': 1, 'error': '密码不正确，请重新输入'}
2021-06-08 14:09:01,101-conftest-DEBUG-清除成功
2021-06-08 14:09:01,291-case.test_api-DEBUG-正常账号密码登录用例返回结果为:{'code': 0, 'data': {'token': 'PrGKKjgbVYp8FUThlYjaH2LbErj2QMe88q7w', 'registered': True, 'inviteBy': '564945', 'kyToken': 'qYIs3SlT0QdOqZxC6Nn8PNhP1VHiboJebxzO', 'uid': 5, 'newUser': False}}
2021-06-08 14:09:01,292-common.yaml_util-DEBUG-写入成功:{'token': 'PrGKKjgbVYp8FUThlYjaH2LbErj2QMe88q7w'}
2021-06-08 14:09:01,317-case.test_api-DEBUG-错误密码登录用例返回结果为:{'code': 1, 'error': '密码不正确，请重新输入'}
2021-06-08 14:09:01,317-case.test_api-DEBUG-错误密码登录用例返回结果为:{'code': 1, 'error': '密码不正确，请重新输入'}
2021-06-08 14:09:01,335-case.test_api-DEBUG-未加密密码登录用例返回结果为:{'code': 1, 'error': '密码不正确，请重新输入'}
2021-06-08 14:09:01,335-case.test_api-DEBUG-未加密密码登录用例返回结果为:{'code': 1, 'error': '密码不正确，请重新输入'}
2021-06-08 14:09:01,335-case.test_api-DEBUG-未加密密码登录用例返回结果为:{'code': 1, 'error': '密码不正确，请重新输入'}
2021-06-08 14:09:28,760-conftest-DEBUG-清除成功
2021-06-08 14:09:28,871-case.test_api-DEBUG-正常账号密码登录用例返回结果为:{'code': 0, 'data': {'token': 'PrGKKjgbVYp8FUThlYjaH2LbErj2QMe88q7w', 'registered': True, 'inviteBy': '564945', 'kyToken': 'qYIs3SlT0QdOqZxC6Nn8PNhP1VHiboJebxzO', 'uid': 5, 'newUser': False}}
2021-06-08 14:09:28,872-common.yaml_util-DEBUG-写入成功:{'token': 'PrGKKjgbVYp8FUThlYjaH2LbErj2QMe88q7w'}
2021-06-08 14:09:28,934-case.test_api-DEBUG-错误密码登录用例返回结果为:{'code': 1, 'error': '密码不正确，请重新输入'}
2021-06-08 14:09:28,934-case.test_api-DEBUG-错误密码登录用例返回结果为:{'code': 1, 'error': '密码不正确，请重新输入'}
2021-06-08 14:09:28,951-case.test_api-DEBUG-未加密密码登录用例返回结果为:{'code': 1, 'error': '密码不正确，请重新输入'}
2021-06-08 14:09:28,951-case.test_api-DEBUG-未加密密码登录用例返回结果为:{'code': 1, 'error': '密码不正确，请重新输入'}
2021-06-08 14:09:28,951-case.test_api-DEBUG-未加密密码登录用例返回结果为:{'code': 1, 'error': '密码不正确，请重新输入'}
2021-06-08 14:15:29,605-conftest-DEBUG-清除成功
2021-06-08 14:15:29,966-case.test_api-DEBUG-正常账号密码登录用例返回结果为:{'code': 0, 'data': {'token': 'PrGKKjgbVYp8FUThlYjaH2LbErj2QMe88q7w', 'registered': True, 'inviteBy': '564945', 'kyToken': 'qYIs3SlT0QdOqZxC6Nn8PNhP1VHiboJebxzO', 'uid': 5, 'newUser': False}}
2021-06-08 14:15:29,967-common.yaml_util-DEBUG-写入成功:{'token': 'PrGKKjgbVYp8FUThlYjaH2LbErj2QMe88q7w'}
2021-06-08 14:15:29,987-case.test_api-DEBUG-错误密码登录用例返回结果为:{'code': 1, 'error': '密码不正确，请重新输入'}
2021-06-08 14:15:30,022-case.test_api-DEBUG-未加密密码登录用例返回结果为:{'code': 1, 'error': '密码不正确，请重新输入'}
2021-06-08 14:15:50,129-conftest-DEBUG-清除成功
2021-06-08 14:15:50,215-case.test_api-DEBUG-正常账号密码登录用例返回结果为:{'code': 0, 'data': {'token': 'PrGKKjgbVYp8FUThlYjaH2LbErj2QMe88q7w', 'registered': True, 'inviteBy': '564945', 'kyToken': 'qYIs3SlT0QdOqZxC6Nn8PNhP1VHiboJebxzO', 'uid': 5, 'newUser': False}}
2021-06-08 14:15:50,217-common.yaml_util-DEBUG-写入成功:{'token': 'PrGKKjgbVYp8FUThlYjaH2LbErj2QMe88q7w'}
2021-06-08 14:15:50,239-case.test_api-DEBUG-错误密码登录用例返回结果为:{'code': 1, 'error': '密码不正确，请重新输入'}
2021-06-08 14:15:50,268-case.test_api-DEBUG-未加密密码登录用例返回结果为:{'code': 1, 'error': '密码不正确，请重新输入'}
2021-06-08 15:15:05,189-conftest-DEBUG-清除成功
2021-06-08 15:15:05,403-case.test_api-DEBUG-正常账号密码登录用例返回结果为:{'code': 0, 'data': {'token': 'PrGKKjgbVYp8FUThlYjaH2LbErj2QMe88q7w', 'registered': True, 'inviteBy': '564945', 'kyToken': 'qYIs3SlT0QdOqZxC6Nn8PNhP1VHiboJebxzO', 'uid': 5, 'newUser': False}}
2021-06-08 15:15:05,403-common.yaml_util-DEBUG-写入成功:{'token': 'PrGKKjgbVYp8FUThlYjaH2LbErj2QMe88q7w'}
2021-06-08 15:15:05,418-case.test_api-DEBUG-错误密码登录用例返回结果为:{'code': 1, 'error': '密码不正确，请重新输入'}
2021-06-08 15:15:05,430-case.test_api-DEBUG-未加密密码登录用例返回结果为:{'code': 1, 'error': '密码不正确，请重新输入'}
2021-06-08 15:15:38,169-conftest-DEBUG-清除成功
2021-06-08 15:15:38,594-case.test_api-DEBUG-正常账号密码登录用例返回结果为:{'code': 0, 'data': {'token': 'PrGKKjgbVYp8FUThlYjaH2LbErj2QMe88q7w', 'registered': True, 'inviteBy': '564945', 'kyToken': 'qYIs3SlT0QdOqZxC6Nn8PNhP1VHiboJebxzO', 'uid': 5, 'newUser': False}}
2021-06-08 15:15:38,595-common.yaml_util-DEBUG-写入成功:{'token': 'PrGKKjgbVYp8FUThlYjaH2LbErj2QMe88q7w'}
2021-06-08 15:15:38,610-case.test_api-DEBUG-错误密码登录用例返回结果为:{'code': 1, 'error': '密码不正确，请重新输入'}
2021-06-08 15:15:38,622-case.test_api-DEBUG-未加密密码登录用例返回结果为:{'code': 1, 'error': '密码不正确，请重新输入'}
2021-06-08 15:18:43,394-conftest-DEBUG-清除成功
2021-06-08 15:19:22,651-conftest-DEBUG-清除成功
2021-06-08 15:19:23,287-case.test_api-DEBUG-正常账号密码登录用例返回结果为:{'code': 0, 'data': {'token': 'PrGKKjgbVYp8FUThlYjaH2LbErj2QMe88q7w', 'registered': True, 'inviteBy': '564945', 'kyToken': 'qYIs3SlT0QdOqZxC6Nn8PNhP1VHiboJebxzO', 'uid': 5, 'newUser': False}}
2021-06-08 15:19:23,288-common.yaml_util-DEBUG-写入成功:{'token': 'PrGKKjgbVYp8FUThlYjaH2LbErj2QMe88q7w'}
2021-06-08 15:19:23,303-case.test_api-DEBUG-错误密码登录用例返回结果为:{'code': 1, 'error': '密码不正确，请重新输入'}
2021-06-08 15:19:23,316-case.test_api-DEBUG-未加密密码登录用例返回结果为:{'code': 1, 'error': '密码不正确，请重新输入'}
2021-06-08 15:19:51,469-conftest-DEBUG-清除成功
2021-06-08 15:19:51,972-case.test_api-DEBUG-正常账号密码登录用例返回结果为:{'code': 0, 'data': {'token': 'PrGKKjgbVYp8FUThlYjaH2LbErj2QMe88q7w', 'registered': True, 'inviteBy': '564945', 'kyToken': 'qYIs3SlT0QdOqZxC6Nn8PNhP1VHiboJebxzO', 'uid': 5, 'newUser': False}}
2021-06-08 15:19:51,973-common.yaml_util-DEBUG-写入成功:{'token': 'PrGKKjgbVYp8FUThlYjaH2LbErj2QMe88q7w'}
2021-06-08 15:19:51,990-case.test_api-DEBUG-错误密码登录用例返回结果为:{'code': 1, 'error': '密码不正确，请重新输入'}
2021-06-08 15:19:52,001-case.test_api-DEBUG-未加密密码登录用例返回结果为:{'code': 1, 'error': '密码不正确，请重新输入'}
2021-06-08 15:20:39,641-conftest-DEBUG-清除成功
2021-06-08 15:20:39,983-case.test_api-DEBUG-正常账号密码登录用例返回结果为:{'code': 0, 'data': {'token': 'PrGKKjgbVYp8FUThlYjaH2LbErj2QMe88q7w', 'registered': True, 'inviteBy': '564945', 'kyToken': 'qYIs3SlT0QdOqZxC6Nn8PNhP1VHiboJebxzO', 'uid': 5, 'newUser': False}}
2021-06-08 15:20:39,999-case.test_api-DEBUG-错误密码登录用例返回结果为:{'code': 1, 'error': '密码不正确，请重新输入'}
2021-06-08 15:20:40,011-case.test_api-DEBUG-未加密密码登录用例返回结果为:{'code': 1, 'error': '密码不正确，请重新输入'}
2021-06-08 15:22:36,393-conftest-DEBUG-清除成功
2021-06-08 15:22:36,394-case.test_api-DEBUG-正常账号密码登录开始测试
2021-06-08 15:22:36,673-case.test_api-DEBUG-正常账号密码登录用例返回结果为:{'code': 0, 'data': {'token': 'PrGKKjgbVYp8FUThlYjaH2LbErj2QMe88q7w', 'registered': True, 'inviteBy': '564945', 'kyToken': 'qYIs3SlT0QdOqZxC6Nn8PNhP1VHiboJebxzO', 'uid': 5, 'newUser': False}}
2021-06-08 15:22:36,674-case.test_api-DEBUG-正常账号密码登录测试完成
2021-06-08 15:22:36,676-case.test_api-DEBUG-错误密码登录开始测试
2021-06-08 15:22:36,687-case.test_api-DEBUG-错误密码登录用例返回结果为:{'code': 1, 'error': '密码不正确，请重新输入'}
2021-06-08 15:22:36,688-case.test_api-DEBUG-错误密码登录测试完成
2021-06-08 15:22:36,689-case.test_api-DEBUG-未加密密码登录开始测试
2021-06-08 15:22:36,702-case.test_api-DEBUG-未加密密码登录用例返回结果为:{'code': 1, 'error': '密码不正确，请重新输入'}
2021-06-08 15:22:36,702-case.test_api-DEBUG-未加密密码登录测试完成
2021-06-08 15:24:18,859-conftest-DEBUG-清除成功
2021-06-08 15:24:18,860-case.test_api-DEBUG-正常账号密码登录开始测试
2021-06-08 15:24:19,345-case.test_api-DEBUG-错误密码登录开始测试
2021-06-08 15:24:19,363-case.test_api-DEBUG-未加密密码登录开始测试
2021-06-08 15:27:23,704-conftest-DEBUG-清除成功
2021-06-08 15:27:23,705-case.test_api-DEBUG-正常账号密码登录开始测试
2021-06-08 15:27:24,188-case.test_api-DEBUG-错误密码登录开始测试
2021-06-08 15:27:24,206-case.test_api-DEBUG-未加密密码登录开始测试
2021-06-08 15:29:00,046-conftest-DEBUG-清除成功
2021-06-08 15:29:00,047-case.test_api-DEBUG-正常账号密码登录开始测试
2021-06-08 15:29:00,175-case.test_api-DEBUG-接口响应时间为:0.125707
2021-06-08 15:29:00,176-case.test_api-DEBUG-正常账号密码登录用例返回结果为:{'code': 0, 'data': {'token': 'PrGKKjgbVYp8FUThlYjaH2LbErj2QMe88q7w', 'registered': True, 'inviteBy': '564945', 'kyToken': 'qYIs3SlT0QdOqZxC6Nn8PNhP1VHiboJebxzO', 'uid': 5, 'newUser': False}}
2021-06-08 15:29:00,177-case.test_api-DEBUG-正常账号密码登录测试完成
2021-06-08 15:29:00,178-case.test_api-DEBUG-错误密码登录开始测试
2021-06-08 15:29:00,190-case.test_api-DEBUG-接口响应时间为:0.010263
2021-06-08 15:29:00,190-case.test_api-DEBUG-错误密码登录用例返回结果为:{'code': 1, 'error': '密码不正确，请重新输入'}
2021-06-08 15:29:00,190-case.test_api-DEBUG-错误密码登录测试完成
2021-06-08 15:29:00,192-case.test_api-DEBUG-未加密密码登录开始测试
2021-06-08 15:29:00,209-case.test_api-DEBUG-接口响应时间为:0.015371
2021-06-08 15:29:00,209-case.test_api-DEBUG-未加密密码登录用例返回结果为:{'code': 1, 'error': '密码不正确，请重新输入'}
2021-06-08 15:29:00,209-case.test_api-DEBUG-未加密密码登录测试完成
2021-06-08 15:29:41,158-conftest-DEBUG-清除成功
2021-06-08 15:29:41,159-case.test_api-DEBUG-正常账号密码登录开始测试
2021-06-08 15:29:41,686-case.test_api-DEBUG-错误密码登录开始测试
2021-06-08 15:29:41,705-case.test_api-DEBUG-未加密密码登录开始测试
2021-06-08 15:30:10,932-conftest-DEBUG-清除成功
2021-06-08 15:30:10,932-case.test_api-DEBUG-正常账号密码登录开始测试
2021-06-08 15:30:11,361-case.test_api-DEBUG-正常账号密码登录接口响应时间为:0.425859
2021-06-08 15:30:11,361-case.test_api-DEBUG-正常账号密码登录用例返回结果为:{'code': 0, 'data': {'token': 'PrGKKjgbVYp8FUThlYjaH2LbErj2QMe88q7w', 'registered': True, 'inviteBy': '564945', 'kyToken': 'qYIs3SlT0QdOqZxC6Nn8PNhP1VHiboJebxzO', 'uid': 5, 'newUser': False}}
2021-06-08 15:30:11,362-case.test_api-DEBUG-正常账号密码登录测试完成
2021-06-08 15:30:11,364-case.test_api-DEBUG-错误密码登录开始测试
2021-06-08 15:30:11,375-case.test_api-DEBUG-错误密码登录接口响应时间为:0.009938
2021-06-08 15:30:11,375-case.test_api-DEBUG-错误密码登录用例返回结果为:{'code': 1, 'error': '密码不正确，请重新输入'}
2021-06-08 15:30:11,375-case.test_api-DEBUG-错误密码登录测试完成
2021-06-08 15:30:11,377-case.test_api-DEBUG-未加密密码登录开始测试
2021-06-08 15:30:11,387-case.test_api-DEBUG-未加密密码登录接口响应时间为:0.008734
2021-06-08 15:30:11,387-case.test_api-DEBUG-未加密密码登录用例返回结果为:{'code': 1, 'error': '密码不正确，请重新输入'}
2021-06-08 15:30:11,387-case.test_api-DEBUG-未加密密码登录测试完成
2021-06-08 15:30:44,142-conftest-DEBUG-清除成功
2021-06-08 15:30:44,143-case.test_api-DEBUG-正常账号密码登录开始测试
2021-06-08 15:30:44,685-case.test_api-DEBUG-正常账号密码登录接口响应时间为:0.539438秒
2021-06-08 15:30:44,686-case.test_api-DEBUG-正常账号密码登录用例返回结果为:{'code': 0, 'data': {'token': 'PrGKKjgbVYp8FUThlYjaH2LbErj2QMe88q7w', 'registered': True, 'inviteBy': '564945', 'kyToken': 'qYIs3SlT0QdOqZxC6Nn8PNhP1VHiboJebxzO', 'uid': 5, 'newUser': False}}
2021-06-08 15:30:44,687-case.test_api-DEBUG-正常账号密码登录测试完成
2021-06-08 15:30:44,689-case.test_api-DEBUG-错误密码登录开始测试
2021-06-08 15:30:44,702-case.test_api-DEBUG-错误密码登录接口响应时间为:0.011141秒
2021-06-08 15:30:44,702-case.test_api-DEBUG-错误密码登录用例返回结果为:{'code': 1, 'error': '密码不正确，请重新输入'}
2021-06-08 15:30:44,702-case.test_api-DEBUG-错误密码登录测试完成
2021-06-08 15:30:44,704-case.test_api-DEBUG-未加密密码登录开始测试
2021-06-08 15:30:44,715-case.test_api-DEBUG-未加密密码登录接口响应时间为:0.009096秒
2021-06-08 15:30:44,715-case.test_api-DEBUG-未加密密码登录用例返回结果为:{'code': 1, 'error': '密码不正确，请重新输入'}
2021-06-08 15:30:44,715-case.test_api-DEBUG-未加密密码登录测试完成
2021-06-08 15:32:47,774-conftest-DEBUG-清除成功
2021-06-08 15:32:47,776-case.test_api-DEBUG-正常账号密码登录开始测试
2021-06-08 15:32:47,953-case.test_api-DEBUG-正常账号密码登录接口响应时间为:0.174135秒
2021-06-08 15:32:47,953-case.test_api-DEBUG-正常账号密码登录用例返回结果为:{'code': 0, 'data': {'token': 'PrGKKjgbVYp8FUThlYjaH2LbErj2QMe88q7w', 'registered': True, 'inviteBy': '564945', 'kyToken': 'qYIs3SlT0QdOqZxC6Nn8PNhP1VHiboJebxzO', 'uid': 5, 'newUser': False}}
2021-06-08 15:32:47,954-case.test_api-DEBUG-正常账号密码登录测试完成
2021-06-08 15:32:47,956-case.test_api-DEBUG-错误密码登录开始测试
2021-06-08 15:32:47,969-case.test_api-DEBUG-错误密码登录接口响应时间为:0.011994秒
2021-06-08 15:32:47,969-case.test_api-DEBUG-错误密码登录用例返回结果为:{'code': 1, 'error': '密码不正确，请重新输入'}
2021-06-08 15:32:47,969-case.test_api-DEBUG-错误密码登录测试完成
2021-06-08 15:32:47,971-case.test_api-DEBUG-未加密密码登录开始测试
2021-06-08 15:32:47,981-case.test_api-DEBUG-未加密密码登录接口响应时间为:0.008826秒
2021-06-08 15:32:47,982-case.test_api-DEBUG-未加密密码登录用例返回结果为:{'code': 1, 'error': '密码不正确，请重新输入'}
2021-06-08 15:32:47,982-case.test_api-DEBUG-未加密密码登录测试完成
2021-06-08 15:32:47,983-case.test_api-DEBUG-正常账号密码登录开始测试
2021-06-08 15:32:48,014-case.test_api-DEBUG-正常账号密码登录接口响应时间为:0.029329秒
2021-06-08 15:32:48,014-case.test_api-DEBUG-正常账号密码登录用例返回结果为:{'code': 0, 'data': {'token': 'PrGKKjgbVYp8FUThlYjaH2LbErj2QMe88q7w', 'registered': True, 'inviteBy': '564945', 'kyToken': 'qYIs3SlT0QdOqZxC6Nn8PNhP1VHiboJebxzO', 'uid': 5, 'newUser': False}}
2021-06-08 15:32:48,015-case.test_api-DEBUG-正常账号密码登录测试完成
2021-06-08 15:32:48,017-case.test_api-DEBUG-错误密码登录开始测试
2021-06-08 15:32:48,028-case.test_api-DEBUG-错误密码登录接口响应时间为:0.009899秒
2021-06-08 15:32:48,029-case.test_api-DEBUG-错误密码登录用例返回结果为:{'code': 1, 'error': '密码不正确，请重新输入'}
2021-06-08 15:32:48,029-case.test_api-DEBUG-错误密码登录测试完成
2021-06-08 15:32:48,031-case.test_api-DEBUG-未加密密码登录开始测试
2021-06-08 15:32:48,041-case.test_api-DEBUG-未加密密码登录接口响应时间为:0.008806秒
2021-06-08 15:32:48,041-case.test_api-DEBUG-未加密密码登录用例返回结果为:{'code': 1, 'error': '密码不正确，请重新输入'}
2021-06-08 15:32:48,042-case.test_api-DEBUG-未加密密码登录测试完成
2021-06-09 10:01:15,536-conftest-DEBUG-清除成功
2021-06-09 10:01:15,575-case.test_api-DEBUG-正常账号密码登录开始测试
2021-06-09 10:01:25,912-case.test_api-DEBUG-正常账号密码登录接口响应时间为:10.321942秒
2021-06-09 10:01:25,912-case.test_api-DEBUG-正常账号密码登录用例返回结果为:{'code': 0, 'data': {'token': 'PrGKKjgbVYp8FUThlYjaH2LbErj2QMe88q7w', 'registered': True, 'inviteBy': '564945', 'kyToken': 'qYIs3SlT0QdOqZxC6Nn8PNhP1VHiboJebxzO', 'uid': 5, 'newUser': False}}
2021-06-09 10:01:25,913-case.test_api-DEBUG-正常账号密码登录测试完成
2021-06-09 10:01:25,919-case.test_api-DEBUG-错误密码登录开始测试
2021-06-09 10:01:27,343-case.test_api-DEBUG-错误密码登录接口响应时间为:1.421156秒
2021-06-09 10:01:27,343-case.test_api-DEBUG-错误密码登录用例返回结果为:{'code': 1, 'error': '密码不正确，请重新输入'}
2021-06-09 10:01:27,343-case.test_api-DEBUG-错误密码登录测试完成
2021-06-09 10:01:27,348-case.test_api-DEBUG-未加密密码登录开始测试
2021-06-09 10:01:27,377-case.test_api-DEBUG-未加密密码登录接口响应时间为:0.027812秒
2021-06-09 10:01:27,377-case.test_api-DEBUG-未加密密码登录用例返回结果为:{'code': 1, 'error': '密码不正确，请重新输入'}
2021-06-09 10:01:27,377-case.test_api-DEBUG-未加密密码登录测试完成
2021-06-09 10:01:27,382-case.test_api-DEBUG-正常账号密码登录开始测试
2021-06-09 10:01:27,750-case.test_api-DEBUG-正常账号密码登录接口响应时间为:0.366218秒
2021-06-09 10:01:27,750-case.test_api-DEBUG-正常账号密码登录用例返回结果为:{'code': 0, 'data': {'token': 'PrGKKjgbVYp8FUThlYjaH2LbErj2QMe88q7w', 'registered': True, 'inviteBy': '564945', 'kyToken': 'qYIs3SlT0QdOqZxC6Nn8PNhP1VHiboJebxzO', 'uid': 5, 'newUser': False}}
2021-06-09 10:01:27,751-case.test_api-DEBUG-正常账号密码登录测试完成
2021-06-09 10:01:27,756-case.test_api-DEBUG-错误密码登录开始测试
2021-06-09 10:01:27,779-case.test_api-DEBUG-错误密码登录接口响应时间为:0.021699秒
2021-06-09 10:01:27,779-case.test_api-DEBUG-错误密码登录用例返回结果为:{'code': 1, 'error': '密码不正确，请重新输入'}
2021-06-09 10:01:27,779-case.test_api-DEBUG-错误密码登录测试完成
2021-06-09 10:01:27,784-case.test_api-DEBUG-未加密密码登录开始测试
2021-06-09 10:01:27,800-case.test_api-DEBUG-未加密密码登录接口响应时间为:0.014753秒
2021-06-09 10:01:27,801-case.test_api-DEBUG-未加密密码登录用例返回结果为:{'code': 1, 'error': '密码不正确，请重新输入'}
2021-06-09 10:01:27,801-case.test_api-DEBUG-未加密密码登录测试完成
2021-06-15 13:51:06,156-conftest-DEBUG-清除成功
2021-06-15 13:51:06,166-case.test_api-DEBUG-正常账号密码登录开始测试
2021-06-15 13:51:06,895-case.test_api-DEBUG-正常账号密码登录接口响应时间为:0.697804秒
2021-06-15 13:51:06,895-case.test_api-DEBUG-正常账号密码登录用例返回结果为:{'code': 0, 'data': {'token': 'ja2s0EMShsYeGpWp7YZ24myLvmzBVEcbVB6n', 'registered': True, 'inviteBy': '564945', 'kyToken': 'eM1JJzduY2t4gDu18u6aLGAUJr9UWdBOGLbg', 'uid': 5, 'newUser': False}}
2021-06-15 13:51:06,895-case.test_api-DEBUG-正常账号密码登录测试完成
2021-06-15 13:51:06,895-case.test_api-DEBUG-错误密码登录开始测试
2021-06-15 13:51:06,925-case.test_api-DEBUG-错误密码登录接口响应时间为:0.033183秒
2021-06-15 13:51:06,925-case.test_api-DEBUG-错误密码登录用例返回结果为:{'code': 1, 'error': '密码不正确，请重新输入'}
2021-06-15 13:51:06,945-case.test_api-DEBUG-错误密码登录测试完成
2021-06-15 13:51:06,945-case.test_api-DEBUG-未加密密码登录开始测试
2021-06-15 13:51:06,955-case.test_api-DEBUG-未加密密码登录接口响应时间为:0.00696秒
2021-06-15 13:51:06,955-case.test_api-DEBUG-未加密密码登录用例返回结果为:{'code': 1, 'error': '密码不正确，请重新输入'}
2021-06-15 13:51:06,955-case.test_api-DEBUG-未加密密码登录测试完成
2021-06-15 13:51:06,955-case.test_api-DEBUG-正常账号密码登录开始测试
2021-06-15 13:51:06,995-case.test_api-DEBUG-正常账号密码登录接口响应时间为:0.032457秒
2021-06-15 13:51:06,995-case.test_api-DEBUG-正常账号密码登录用例返回结果为:{'code': 0, 'data': {'token': 'ja2s0EMShsYeGpWp7YZ24myLvmzBVEcbVB6n', 'registered': True, 'inviteBy': '564945', 'kyToken': 'eM1JJzduY2t4gDu18u6aLGAUJr9UWdBOGLbg', 'uid': 5, 'newUser': False}}
2021-06-15 13:51:06,995-case.test_api-DEBUG-正常账号密码登录测试完成
2021-06-15 13:51:06,995-case.test_api-DEBUG-错误密码登录开始测试
2021-06-15 13:51:07,005-case.test_api-DEBUG-错误密码登录接口响应时间为:0.008234秒
2021-06-15 13:51:07,005-case.test_api-DEBUG-错误密码登录用例返回结果为:{'code': 1, 'error': '密码不正确，请重新输入'}
2021-06-15 13:51:07,005-case.test_api-DEBUG-错误密码登录测试完成
2021-06-15 13:51:07,005-case.test_api-DEBUG-未加密密码登录开始测试
2021-06-15 13:51:07,015-case.test_api-DEBUG-未加密密码登录接口响应时间为:0.007617秒
2021-06-15 13:51:07,015-case.test_api-DEBUG-未加密密码登录用例返回结果为:{'code': 1, 'error': '密码不正确，请重新输入'}
2021-06-15 13:51:07,015-case.test_api-DEBUG-未加密密码登录测试完成
2021-06-15 13:51:25,541-conftest-DEBUG-清除成功
2021-06-15 13:51:25,541-case.test_api-DEBUG-正常账号密码登录开始测试
2021-06-15 13:51:25,980-case.test_api-DEBUG-正常账号密码登录接口响应时间为:0.436583秒
2021-06-15 13:51:25,980-case.test_api-DEBUG-正常账号密码登录用例返回结果为:{'code': 0, 'data': {'token': 'ja2s0EMShsYeGpWp7YZ24myLvmzBVEcbVB6n', 'registered': True, 'inviteBy': '564945', 'kyToken': 'eM1JJzduY2t4gDu18u6aLGAUJr9UWdBOGLbg', 'uid': 5, 'newUser': False}}
2021-06-15 13:51:25,980-case.test_api-DEBUG-正常账号密码登录测试完成
2021-06-15 13:51:25,990-case.test_api-DEBUG-错误密码登录开始测试
2021-06-15 13:51:26,020-case.test_api-DEBUG-错误密码登录接口响应时间为:0.032762秒
2021-06-15 13:51:26,020-case.test_api-DEBUG-错误密码登录用例返回结果为:{'code': 1, 'error': '密码不正确，请重新输入'}
2021-06-15 13:51:26,020-case.test_api-DEBUG-错误密码登录测试完成
2021-06-15 13:51:26,030-case.test_api-DEBUG-未加密密码登录开始测试
2021-06-15 13:51:26,050-case.test_api-DEBUG-未加密密码登录接口响应时间为:0.018833秒
2021-06-15 13:51:26,050-case.test_api-DEBUG-未加密密码登录用例返回结果为:{'code': 1, 'error': '密码不正确，请重新输入'}
2021-06-15 13:51:26,050-case.test_api-DEBUG-未加密密码登录测试完成
2021-06-15 13:51:26,050-case.test_api-DEBUG-正常账号密码登录开始测试
2021-06-15 13:51:26,167-case.test_api-DEBUG-正常账号密码登录接口响应时间为:0.121195秒
2021-06-15 13:51:26,167-case.test_api-DEBUG-正常账号密码登录用例返回结果为:{'code': 0, 'data': {'token': 'ja2s0EMShsYeGpWp7YZ24myLvmzBVEcbVB6n', 'registered': True, 'inviteBy': '564945', 'kyToken': 'eM1JJzduY2t4gDu18u6aLGAUJr9UWdBOGLbg', 'uid': 5, 'newUser': False}}
2021-06-15 13:51:26,167-case.test_api-DEBUG-正常账号密码登录测试完成
2021-06-15 13:51:26,177-case.test_api-DEBUG-错误密码登录开始测试
2021-06-15 13:51:26,187-case.test_api-DEBUG-错误密码登录接口响应时间为:0.008719秒
2021-06-15 13:51:26,187-case.test_api-DEBUG-错误密码登录用例返回结果为:{'code': 1, 'error': '密码不正确，请重新输入'}
2021-06-15 13:51:26,187-case.test_api-DEBUG-错误密码登录测试完成
2021-06-15 13:51:26,187-case.test_api-DEBUG-未加密密码登录开始测试
2021-06-15 13:51:26,197-case.test_api-DEBUG-未加密密码登录接口响应时间为:0.007511秒
2021-06-15 13:51:26,197-case.test_api-DEBUG-未加密密码登录用例返回结果为:{'code': 1, 'error': '密码不正确，请重新输入'}
2021-06-15 13:51:26,197-case.test_api-DEBUG-未加密密码登录测试完成
2021-06-15 13:51:34,012-conftest-DEBUG-清除成功
2021-06-15 13:51:34,022-case.test_api-DEBUG-正常账号密码登录开始测试
2021-06-15 13:51:34,262-case.test_api-DEBUG-正常账号密码登录接口响应时间为:0.24554秒
2021-06-15 13:51:34,262-case.test_api-DEBUG-正常账号密码登录用例返回结果为:{'code': 0, 'data': {'token': 'ja2s0EMShsYeGpWp7YZ24myLvmzBVEcbVB6n', 'registered': True, 'inviteBy': '564945', 'kyToken': 'eM1JJzduY2t4gDu18u6aLGAUJr9UWdBOGLbg', 'uid': 5, 'newUser': False}}
2021-06-15 13:51:34,272-case.test_api-DEBUG-正常账号密码登录测试完成
2021-06-15 13:51:34,272-case.test_api-DEBUG-错误密码登录开始测试
2021-06-15 13:51:34,282-case.test_api-DEBUG-错误密码登录接口响应时间为:0.007249秒
2021-06-15 13:51:34,282-case.test_api-DEBUG-错误密码登录用例返回结果为:{'code': 1, 'error': '密码不正确，请重新输入'}
2021-06-15 13:51:34,282-case.test_api-DEBUG-错误密码登录测试完成
2021-06-15 13:51:34,282-case.test_api-DEBUG-未加密密码登录开始测试
2021-06-15 13:51:34,292-case.test_api-DEBUG-未加密密码登录接口响应时间为:0.00721秒
2021-06-15 13:51:34,292-case.test_api-DEBUG-未加密密码登录用例返回结果为:{'code': 1, 'error': '密码不正确，请重新输入'}
2021-06-15 13:51:34,292-case.test_api-DEBUG-未加密密码登录测试完成
2021-06-15 13:51:34,292-case.test_api-DEBUG-正常账号密码登录开始测试
2021-06-15 13:51:34,321-case.test_api-DEBUG-正常账号密码登录接口响应时间为:0.025734秒
2021-06-15 13:51:34,321-case.test_api-DEBUG-正常账号密码登录用例返回结果为:{'code': 0, 'data': {'token': 'ja2s0EMShsYeGpWp7YZ24myLvmzBVEcbVB6n', 'registered': True, 'inviteBy': '564945', 'kyToken': 'eM1JJzduY2t4gDu18u6aLGAUJr9UWdBOGLbg', 'uid': 5, 'newUser': False}}
2021-06-15 13:51:34,321-case.test_api-DEBUG-正常账号密码登录测试完成
2021-06-15 13:51:34,321-case.test_api-DEBUG-错误密码登录开始测试
2021-06-15 13:51:34,331-case.test_api-DEBUG-错误密码登录接口响应时间为:0.007824秒
2021-06-15 13:51:34,331-case.test_api-DEBUG-错误密码登录用例返回结果为:{'code': 1, 'error': '密码不正确，请重新输入'}
2021-06-15 13:51:34,331-case.test_api-DEBUG-错误密码登录测试完成
2021-06-15 13:51:34,331-case.test_api-DEBUG-未加密密码登录开始测试
2021-06-15 13:51:34,341-case.test_api-DEBUG-未加密密码登录接口响应时间为:0.006629秒
2021-06-15 13:51:34,341-case.test_api-DEBUG-未加密密码登录用例返回结果为:{'code': 1, 'error': '密码不正确，请重新输入'}
2021-06-15 13:51:34,341-case.test_api-DEBUG-未加密密码登录测试完成
2021-06-15 14:19:54,124-conftest-INFO-清除成功
2021-06-15 14:19:54,124-case.test_api-INFO-正常账号密码登录开始测试
2021-06-15 14:19:57,098-case.test_api-DEBUG-正常账号密码登录接口响应时间为:2.974125秒
2021-06-15 14:19:57,098-case.test_api-INFO-正常账号密码登录用例返回结果为:{'code': 0, 'data': {'token': 'ja2s0EMShsYeGpWp7YZ24myLvmzBVEcbVB6n', 'registered': True, 'uid': 5, 'newUser': False}}
2021-06-15 14:19:57,098-case.test_api-INFO-正常账号密码登录测试完成
2021-06-15 14:19:57,098-case.test_api-INFO-错误密码登录开始测试
2021-06-15 14:19:57,207-case.test_api-DEBUG-错误密码登录接口响应时间为:0.104222秒
2021-06-15 14:19:57,207-case.test_api-INFO-错误密码登录用例返回结果为:{'code': 1, 'error': '密码不正确，请重新输入'}
2021-06-15 14:19:57,207-case.test_api-INFO-错误密码登录测试完成
2021-06-15 14:19:57,217-case.test_api-INFO-未加密密码登录开始测试
2021-06-15 14:19:57,237-case.test_api-DEBUG-未加密密码登录接口响应时间为:0.017765秒
2021-06-15 14:19:57,237-case.test_api-INFO-未加密密码登录用例返回结果为:{'code': 1, 'error': '密码不正确，请重新输入'}
2021-06-15 14:19:57,237-case.test_api-INFO-未加密密码登录测试完成
2021-06-15 14:19:57,237-case.test_api-INFO-正常账号密码登录开始测试
2021-06-15 14:19:57,277-case.test_api-DEBUG-正常账号密码登录接口响应时间为:0.036345秒
2021-06-15 14:19:57,277-case.test_api-INFO-正常账号密码登录用例返回结果为:{'code': 0, 'data': {'token': 'ja2s0EMShsYeGpWp7YZ24myLvmzBVEcbVB6n', 'registered': True, 'uid': 5, 'newUser': False}}
2021-06-15 14:19:57,277-case.test_api-INFO-正常账号密码登录测试完成
2021-06-15 14:19:57,279-case.test_api-INFO-错误密码登录开始测试
2021-06-15 14:19:57,299-case.test_api-DEBUG-错误密码登录接口响应时间为:0.017968秒
2021-06-15 14:19:57,299-case.test_api-INFO-错误密码登录用例返回结果为:{'code': 1, 'error': '密码不正确，请重新输入'}
2021-06-15 14:19:57,299-case.test_api-INFO-错误密码登录测试完成
2021-06-15 14:19:57,301-case.test_api-INFO-未加密密码登录开始测试
2021-06-15 14:19:57,310-case.test_api-DEBUG-未加密密码登录接口响应时间为:0.012559秒
2021-06-15 14:19:57,310-case.test_api-INFO-未加密密码登录用例返回结果为:{'code': 1, 'error': '密码不正确，请重新输入'}
2021-06-15 14:19:57,310-case.test_api-INFO-未加密密码登录测试完成
2021-06-15 14:20:27,632-conftest-INFO-清除成功
2021-06-15 14:20:27,632-case.test_api-INFO-正常账号密码登录开始测试
2021-06-15 14:20:27,702-case.test_api-INFO-正常账号密码登录接口响应时间为:0.066532秒
2021-06-15 14:20:27,702-case.test_api-INFO-正常账号密码登录用例返回结果为:{'code': 0, 'data': {'token': 'ja2s0EMShsYeGpWp7YZ24myLvmzBVEcbVB6n', 'registered': True, 'uid': 5, 'newUser': False}}
2021-06-15 14:20:27,702-case.test_api-INFO-正常账号密码登录测试完成
2021-06-15 14:20:27,702-case.test_api-INFO-错误密码登录开始测试
2021-06-15 14:20:27,722-case.test_api-INFO-错误密码登录接口响应时间为:0.016536秒
2021-06-15 14:20:27,722-case.test_api-INFO-错误密码登录用例返回结果为:{'code': 1, 'error': '密码不正确，请重新输入'}
2021-06-15 14:20:27,722-case.test_api-INFO-错误密码登录测试完成
2021-06-15 14:20:27,722-case.test_api-INFO-未加密密码登录开始测试
2021-06-15 14:20:27,742-case.test_api-INFO-未加密密码登录接口响应时间为:0.011756秒
2021-06-15 14:20:27,742-case.test_api-INFO-未加密密码登录用例返回结果为:{'code': 1, 'error': '密码不正确，请重新输入'}
2021-06-15 14:20:27,742-case.test_api-INFO-未加密密码登录测试完成
2021-06-15 14:20:27,742-case.test_api-INFO-正常账号密码登录开始测试
2021-06-15 14:20:27,775-case.test_api-INFO-正常账号密码登录接口响应时间为:0.034341秒
2021-06-15 14:20:27,775-case.test_api-INFO-正常账号密码登录用例返回结果为:{'code': 0, 'data': {'token': 'ja2s0EMShsYeGpWp7YZ24myLvmzBVEcbVB6n', 'registered': True, 'uid': 5, 'newUser': False}}
2021-06-15 14:20:27,775-case.test_api-INFO-正常账号密码登录测试完成
2021-06-15 14:20:27,775-case.test_api-INFO-错误密码登录开始测试
2021-06-15 14:20:27,796-case.test_api-INFO-错误密码登录接口响应时间为:0.013041秒
2021-06-15 14:20:27,796-case.test_api-INFO-错误密码登录用例返回结果为:{'code': 1, 'error': '密码不正确，请重新输入'}
2021-06-15 14:20:27,796-case.test_api-INFO-错误密码登录测试完成
2021-06-15 14:20:27,798-case.test_api-INFO-未加密密码登录开始测试
2021-06-15 14:20:27,805-case.test_api-INFO-未加密密码登录接口响应时间为:0.01322秒
2021-06-15 14:20:27,805-case.test_api-INFO-未加密密码登录用例返回结果为:{'code': 1, 'error': '密码不正确，请重新输入'}
2021-06-15 14:20:27,805-case.test_api-INFO-未加密密码登录测试完成
2021-06-15 16:33:38,744-conftest-INFO-清除成功
2021-06-15 16:33:38,754-case.test_api-INFO-正常账号密码登录开始测试
2021-06-15 16:33:39,055-case.test_api-INFO-正常账号密码登录接口响应时间为:0.303905秒
2021-06-15 16:33:39,055-case.test_api-INFO-正常账号密码登录用例返回结果为:{'code': 0, 'data': {'token': 'ja2s0EMShsYeGpWp7YZ24myLvmzBVEcbVB6n', 'registered': True, 'inviteBy': '564945', 'kyToken': 'eM1JJzduY2t4gDu18u6aLGAUJr9UWdBOGLbg', 'uid': 5, 'newUser': False}}
2021-06-15 16:33:39,064-case.test_api-INFO-正常账号密码登录测试完成
2021-06-15 16:33:39,064-case.test_api-INFO-错误密码登录开始测试
2021-06-15 16:33:39,156-case.test_api-INFO-错误密码登录接口响应时间为:0.089512秒
2021-06-15 16:33:39,156-case.test_api-INFO-错误密码登录用例返回结果为:{'code': 1, 'error': '密码不正确，请重新输入'}
2021-06-15 16:33:39,156-case.test_api-INFO-错误密码登录测试完成
2021-06-15 16:33:39,156-case.test_api-INFO-未加密密码登录开始测试
2021-06-15 16:33:39,176-case.test_api-INFO-未加密密码登录接口响应时间为:0.020526秒
2021-06-15 16:33:39,176-case.test_api-INFO-未加密密码登录用例返回结果为:{'code': 1, 'error': '密码不正确，请重新输入'}
2021-06-15 16:33:39,186-case.test_api-INFO-未加密密码登录测试完成
2021-06-15 16:34:35,913-conftest-INFO-清除成功
2021-06-15 16:34:35,913-case.test_api-INFO-正常账号密码登录开始测试
2021-06-15 16:34:36,033-case.test_api-INFO-正常账号密码登录接口响应时间为:0.122427秒
2021-06-15 16:34:36,033-case.test_api-INFO-正常账号密码登录用例返回结果为:{'code': 0, 'data': {'token': 'ja2s0EMShsYeGpWp7YZ24myLvmzBVEcbVB6n', 'registered': True, 'inviteBy': '564945', 'kyToken': 'eM1JJzduY2t4gDu18u6aLGAUJr9UWdBOGLbg', 'uid': 5, 'newUser': False}}
2021-06-15 16:34:36,043-case.test_api-INFO-正常账号密码登录测试完成
2021-06-15 16:34:36,043-case.test_api-INFO-错误密码登录开始测试
2021-06-15 16:34:36,053-case.test_api-INFO-错误密码登录接口响应时间为:0.015026秒
2021-06-15 16:34:36,063-case.test_api-INFO-错误密码登录用例返回结果为:{'code': 1, 'error': '密码不正确，请重新输入'}
2021-06-15 16:34:36,063-case.test_api-INFO-错误密码登录测试完成
2021-06-15 16:34:36,063-case.test_api-INFO-未加密密码登录开始测试
2021-06-15 16:34:36,093-case.test_api-INFO-未加密密码登录接口响应时间为:0.020955秒
2021-06-15 16:34:36,093-case.test_api-INFO-未加密密码登录用例返回结果为:{'code': 1, 'error': '密码不正确，请重新输入'}
2021-06-15 16:34:36,093-case.test_api-INFO-未加密密码登录测试完成
2021-06-15 16:35:17,953-conftest-INFO-清除成功
2021-06-15 16:35:17,953-case.test_api-INFO-正常账号密码登录开始测试
2021-06-15 16:35:18,155-case.test_api-INFO-正常账号密码登录接口响应时间为:0.193183秒
2021-06-15 16:35:18,155-case.test_api-INFO-正常账号密码登录用例返回结果为:{'code': 0, 'data': {'token': 'ja2s0EMShsYeGpWp7YZ24myLvmzBVEcbVB6n', 'registered': True, 'inviteBy': '564945', 'kyToken': 'eM1JJzduY2t4gDu18u6aLGAUJr9UWdBOGLbg', 'uid': 5, 'newUser': False}}
2021-06-15 16:35:18,155-case.test_api-INFO-正常账号密码登录测试完成
2021-06-15 16:35:18,155-case.test_api-INFO-错误密码登录开始测试
2021-06-15 16:35:18,181-case.test_api-INFO-错误密码登录接口响应时间为:0.016707秒
2021-06-15 16:35:18,181-case.test_api-INFO-错误密码登录用例返回结果为:{'code': 1, 'error': '密码不正确，请重新输入'}
2021-06-15 16:35:18,181-case.test_api-INFO-错误密码登录测试完成
2021-06-15 16:35:18,182-case.test_api-INFO-未加密密码登录开始测试
2021-06-15 16:35:18,192-case.test_api-INFO-未加密密码登录接口响应时间为:0.01225秒
2021-06-15 16:35:18,192-case.test_api-INFO-未加密密码登录用例返回结果为:{'code': 1, 'error': '密码不正确，请重新输入'}
2021-06-15 16:35:18,192-case.test_api-INFO-未加密密码登录测试完成
2021-06-15 16:37:07,708-conftest-INFO-清除成功
2021-06-15 16:37:07,708-case.test_api-INFO-正常账号密码登录开始测试
2021-06-15 16:37:07,861-case.test_api-INFO-正常账号密码登录接口响应时间为:0.14584秒
2021-06-15 16:37:07,861-case.test_api-INFO-正常账号密码登录用例返回结果为:{'code': 0, 'data': {'token': 'ja2s0EMShsYeGpWp7YZ24myLvmzBVEcbVB6n', 'registered': True, 'inviteBy': '564945', 'kyToken': 'eM1JJzduY2t4gDu18u6aLGAUJr9UWdBOGLbg', 'uid': 5, 'newUser': False}}
2021-06-15 16:37:07,861-case.test_api-INFO-正常账号密码登录测试完成
2021-06-15 16:37:07,861-case.test_api-INFO-错误密码登录开始测试
2021-06-15 16:37:07,881-case.test_api-INFO-错误密码登录接口响应时间为:0.01369秒
2021-06-15 16:37:07,881-case.test_api-INFO-错误密码登录用例返回结果为:{'code': 1, 'error': '密码不正确，请重新输入'}
2021-06-15 16:37:07,881-case.test_api-INFO-错误密码登录测试完成
2021-06-15 16:37:07,881-case.test_api-INFO-未加密密码登录开始测试
2021-06-15 16:37:07,901-case.test_api-INFO-未加密密码登录接口响应时间为:0.016515秒
2021-06-15 16:37:07,901-case.test_api-INFO-未加密密码登录用例返回结果为:{'code': 1, 'error': '密码不正确，请重新输入'}
2021-06-15 16:37:07,901-case.test_api-INFO-未加密密码登录测试完成
2021-06-15 16:37:07,911-case.test_api-INFO-用户主页（其他用户）开始测试
2021-06-15 16:39:33,118-conftest-INFO-清除成功
2021-06-15 16:39:33,118-case.test_api-INFO-正常账号密码登录开始测试
2021-06-15 16:39:33,298-case.test_api-INFO-正常账号密码登录接口响应时间为:0.168897秒
2021-06-15 16:39:33,298-case.test_api-INFO-正常账号密码登录用例返回结果为:{'code': 0, 'data': {'token': 'ja2s0EMShsYeGpWp7YZ24myLvmzBVEcbVB6n', 'registered': True, 'inviteBy': '564945', 'kyToken': 'eM1JJzduY2t4gDu18u6aLGAUJr9UWdBOGLbg', 'uid': 5, 'newUser': False}}
2021-06-15 16:39:33,298-case.test_api-INFO-正常账号密码登录测试完成
2021-06-15 16:39:33,298-case.test_api-INFO-错误密码登录开始测试
2021-06-15 16:39:33,318-case.test_api-INFO-错误密码登录接口响应时间为:0.0163秒
2021-06-15 16:39:33,318-case.test_api-INFO-错误密码登录用例返回结果为:{'code': 1, 'error': '密码不正确，请重新输入'}
2021-06-15 16:39:33,318-case.test_api-INFO-错误密码登录测试完成
2021-06-15 16:39:33,318-case.test_api-INFO-未加密密码登录开始测试
2021-06-15 16:39:33,328-case.test_api-INFO-未加密密码登录接口响应时间为:0.010513秒
2021-06-15 16:39:33,328-case.test_api-INFO-未加密密码登录用例返回结果为:{'code': 1, 'error': '密码不正确，请重新输入'}
2021-06-15 16:39:33,328-case.test_api-INFO-未加密密码登录测试完成
2021-06-15 16:39:33,328-case.test_api-INFO-用户主页（其他用户）开始测试
2021-06-15 16:39:33,348-case.test_api-INFO-用户主页（其他用户）接口响应时间为:0.016307秒
2021-06-15 16:39:33,348-case.test_api-INFO-用户主页（其他用户）用例返回结果为:{'timestamp': '2021-06-15 16:39:33.156', 'status': 404, 'error': 'Not Found', 'message': 'No message available', 'path': '/api/lightup/other/list'}
2021-06-15 16:40:45,818-conftest-INFO-清除成功
2021-06-15 16:40:45,818-case.test_api-INFO-正常账号密码登录开始测试
2021-06-15 16:40:46,151-case.test_api-INFO-正常账号密码登录接口响应时间为:0.325518秒
2021-06-15 16:40:46,151-case.test_api-INFO-正常账号密码登录用例返回结果为:{'code': 0, 'data': {'token': 'ja2s0EMShsYeGpWp7YZ24myLvmzBVEcbVB6n', 'registered': True, 'inviteBy': '564945', 'kyToken': 'eM1JJzduY2t4gDu18u6aLGAUJr9UWdBOGLbg', 'uid': 5, 'newUser': False}}
2021-06-15 16:40:46,151-case.test_api-INFO-正常账号密码登录测试完成
2021-06-15 16:40:46,151-case.test_api-INFO-错误密码登录开始测试
2021-06-15 16:40:46,171-case.test_api-INFO-错误密码登录接口响应时间为:0.018408秒
2021-06-15 16:40:46,171-case.test_api-INFO-错误密码登录用例返回结果为:{'code': 1, 'error': '密码不正确，请重新输入'}
2021-06-15 16:40:46,181-case.test_api-INFO-错误密码登录测试完成
2021-06-15 16:40:46,181-case.test_api-INFO-未加密密码登录开始测试
2021-06-15 16:40:46,201-case.test_api-INFO-未加密密码登录接口响应时间为:0.014368秒
2021-06-15 16:40:46,201-case.test_api-INFO-未加密密码登录用例返回结果为:{'code': 1, 'error': '密码不正确，请重新输入'}
2021-06-15 16:40:46,201-case.test_api-INFO-未加密密码登录测试完成
2021-06-15 16:40:46,211-case.test_api-INFO-用户主页（其他用户）开始测试
2021-06-15 16:40:46,231-case.test_api-INFO-用户主页（其他用户）接口响应时间为:0.016875秒
2021-06-15 16:40:46,231-case.test_api-INFO-用户主页（其他用户）用例返回结果为:{'timestamp': '2021-06-15 16:40:46.033', 'status': 404, 'error': 'Not Found', 'message': 'No message available', 'path': '/api/lightup/other/list'}
2021-06-15 16:43:13,769-conftest-INFO-清除成功
2021-06-15 16:43:13,769-case.test_api-INFO-正常账号密码登录开始测试
2021-06-15 16:43:14,059-case.test_api-INFO-正常账号密码登录接口响应时间为:0.282332秒
2021-06-15 16:43:14,059-case.test_api-INFO-正常账号密码登录用例返回结果为:{'code': 0, 'data': {'token': 'ja2s0EMShsYeGpWp7YZ24myLvmzBVEcbVB6n', 'registered': True, 'inviteBy': '564945', 'kyToken': 'eM1JJzduY2t4gDu18u6aLGAUJr9UWdBOGLbg', 'uid': 5, 'newUser': False}}
2021-06-15 16:43:14,059-case.test_api-INFO-正常账号密码登录测试完成
2021-06-15 16:43:14,059-case.test_api-INFO-错误密码登录开始测试
2021-06-15 16:43:14,079-case.test_api-INFO-错误密码登录接口响应时间为:0.013789秒
2021-06-15 16:43:14,079-case.test_api-INFO-错误密码登录用例返回结果为:{'code': 1, 'error': '密码不正确，请重新输入'}
2021-06-15 16:43:14,079-case.test_api-INFO-错误密码登录测试完成
2021-06-15 16:43:14,089-case.test_api-INFO-未加密密码登录开始测试
2021-06-15 16:43:14,109-case.test_api-INFO-未加密密码登录接口响应时间为:0.014218秒
2021-06-15 16:43:14,109-case.test_api-INFO-未加密密码登录用例返回结果为:{'code': 1, 'error': '密码不正确，请重新输入'}
2021-06-15 16:43:14,109-case.test_api-INFO-未加密密码登录测试完成
2021-06-15 16:43:14,119-case.test_api-INFO-点亮列表开始测试
2021-06-15 16:43:28,995-case.test_api-INFO-点亮列表接口响应时间为:14.870879秒
2021-06-15 16:43:28,995-case.test_api-INFO-点亮列表用例返回结果为:{'code': 0, 'data': [{'id': 58287, 'bizId': 'lbYZYgLUgIwAwOHSDqIjtjhdtATTtgIi', 'uid': 111, 'address': '浙江省杭州市江干区凯旋街道北京银行(贴沙河支行)紫晶大酒店', 'longitude': 120.19263, 'latitude': 30.258074, 'adcode': '330100', 'level': 'city', 'word': '#晚安,莫吉托# 点我头像更多房源哦!步行三里屯,60平阳光落地窗大开间,100英寸超大投影', 'pictures': [{'url': 'http://cdn.topjoycloud.com/lXoOhyuVDEgxfdMUnZHJqw.png?height=714&width=1190'}, {'url': 'http://cdn.topjoycloud.com/pzJfLpByOHKx_ROvxskNBQ.png?height=714&width=1190'}, {'url': 'http://cdn.topjoycloud.com/N1Fc1wox7DiNEyae9r0yDg.png?height=714&width=1190'}, {'url': 'http://cdn.topjoycloud.com/PUKy_knL-9YbEL8WAauJiw.png?height=714&width=1190'}, {'url': 'http://cdn.topjoycloud.com/rFaRa1DejpmdupGu90xY7A.png?height=714&width=1190'}, {'url': 'http://cdn.topjoycloud.com/I1Ei05pfa--MoriksJDz5g.png?height=714&width=1190'}], 'totalCoin': 845375, 'leftCoin': 845375, 'source': 1, 'lightupType': 'REWARD', 'dataType': 'LIGHTUP', 'expireTime': '2020-04-23 12:51:35.573', 'lightupScale': 5, 'status': 4, 'clickCount': 2200, 'createdTime': '2019-01-24 00:00:00.000', 'updatedTime': '2019-04-24 12:51:35.580', 'commentCount': 0, 'avatar': 'http://cdn.topjoycloud.com/S88QyY7tD1flGJ9BwhlOUw.png', 'nickName': 'sdf', 'autoType': 0}, {'id': 56496, 'bizId': '0oJ4Yq6BPFElZYy8uxR7yqRY8kC9TNPL', 'uid': 111, 'address': '浙江省杭州市江干区闸弄口街道石桥路二巷克拉公寓', 'longitude': 120.196505, 'latitude': 30.294866, 'adcode': '330100', 'level': 'city', 'word': '安庆', 'pictures': [{'url': 'http://cdn.topjoycloud.com/eC-WTsCEKo7if-NJgoNwqA.png?height=663&width=1105'}, {'url': 'http://cdn.topjoycloud.com/Rusn2Rh47dYvOmkwzsM7nA.png?height=591&width=985'}, {'url': 'http://cdn.topjoycloud.com/6lY0YM8owcwHIA7AsU178g.png?height=663&width=1105'}, {'url': 'http://cdn.topjoycloud.com/tWItZUwgFjeyoB5FSMLmWw.png?height=1985&width=1191'}, {'url': 'http://cdn.topjoycloud.com/RiBPnZkx6rByDUpxbHxXvg.png?height=591&width=985'}, {'url': 'http://cdn.topjoycloud.com/RccsahbJPKOK3snGQiJXsA.png?height=1790&width=1074'}], 'totalCoin': 437473, 'leftCoin': 410049, 'source': 1, 'lightupType': 'NORMAL', 'dataType': 'LIGHTUP', 'expireTime': '2029-04-23 18:24:33.268', 'lightupScale': 0, 'status': 4, 'clickCount': 1455, 'createdTime': '2019-01-24 00:00:00.000', 'updatedTime': '2019-04-24 12:10:54.609', 'commentCount': 0, 'avatar': 'http://cdn.topjoycloud.com/S88QyY7tD1flGJ9BwhlOUw.png', 'nickName': 'sdf', 'autoType': 0}, {'id': 57264, 'bizId': 'EhffvRoUUExitzrLlACXcTdtWsDosLZh', 'uid': 110, 'address': '浙江省杭州市江干区闸弄口街道石桥路二巷克拉公寓', 'longitude': 120.196505, 'latitude': 30.294866, 'adcode': '330100', 'level': 'city', 'word': '安庆', 'pictures': [{'url': 'http://cdn.topjoycloud.com/eC-WTsCEKo7if-NJgoNwqA.png?height=663&width=1105'}, {'url': 'http://cdn.topjoycloud.com/Rusn2Rh47dYvOmkwzsM7nA.png?height=591&width=985'}, {'url': 'http://cdn.topjoycloud.com/6lY0YM8owcwHIA7AsU178g.png?height=663&width=1105'}, {'url': 'http://cdn.topjoycloud.com/tWItZUwgFjeyoB5FSMLmWw.png?height=1985&width=1191'}, {'url': 'http://cdn.topjoycloud.com/RiBPnZkx6rByDUpxbHxXvg.png?height=591&width=985'}, {'url': 'http://cdn.topjoycloud.com/RccsahbJPKOK3snGQiJXsA.png?height=1790&width=1074'}], 'totalCoin': 250160, 'leftCoin': 250160, 'source': 1, 'lightupType': 'REWARD', 'dataType': 'LIGHTUP', 'expireTime': '2020-04-23 12:17:43.443', 'lightupScale': 5, 'status': 4, 'clickCount': 5632, 'createdTime': '2019-01-24 00:00:00.000', 'updatedTime': '2019-04-24 12:17:43.454', 'commentCount': 0, 'avatar': 'http://cdn.topjoycloud.com/N0lrq-PGDJHit2PDtr_RRA.png', 'nickName': 'account1', 'autoType': 0}, {'id': 57013, 'bizId': 'tvzToKMKDeQdYGDrePVsqNJQHCOFXRjP', 'uid': 112, 'address': '浙江省杭州市江干区闸弄口街道石桥路二巷克拉公寓', 'longitude': 120.196505, 'latitude': 30.294866, 'adcode': '330100', 'level': 'city', 'word': '安庆', 'pictures': [{'url': 'http://cdn.topjoycloud.com/eC-WTsCEKo7if-NJgoNwqA.png?height=663&width=1105'}, {'url': 'http://cdn.topjoycloud.com/Rusn2Rh47dYvOmkwzsM7nA.png?height=591&width=985'}, {'url': 'http://cdn.topjoycloud.com/6lY0YM8owcwHIA7AsU178g.png?height=663&width=1105'}, {'url': 'http://cdn.topjoycloud.com/tWItZUwgFjeyoB5FSMLmWw.png?height=1985&width=1191'}, {'url': 'http://cdn.topjoycloud.com/RiBPnZkx6rByDUpxbHxXvg.png?height=591&width=985'}, {'url': 'http://cdn.topjoycloud.com/RccsahbJPKOK3snGQiJXsA.png?height=1790&width=1074'}], 'totalCoin': 314184, 'leftCoin': 314184, 'source': 1, 'lightupType': 'REWARD', 'dataType': 'LIGHTUP', 'expireTime': '2020-04-23 12:09:24.672', 'lightupScale': 5, 'status': 4, 'clickCount': 226, 'createdTime': '2019-01-24 00:00:00.000', 'updatedTime': '2019-04-24 12:09:24.683', 'commentCount': 0, 'avatar': 'http://cdn.topjoycloud.com/0xaV2L0Ana8OfPBJivfFoQ.png', 'nickName': 'ddd', 'autoType': 0}, {'id': 56502, 'bizId': 'FzbjPb6jKFLQM8UgYahyXnIVixbTk1BU', 'uid': 110, 'address': '浙江省杭州市江干区闸弄口街道石桥路二巷克拉公寓', 'longitude': 120.196505, 'latitude': 30.294866, 'adcode': '330100', 'level': 'city', 'word': '安庆', 'pictures': [{'url': 'http://cdn.topjoycloud.com/eC-WTsCEKo7if-NJgoNwqA.png?height=663&width=1105'}, {'url': 'http://cdn.topjoycloud.com/Rusn2Rh47dYvOmkwzsM7nA.png?height=591&width=985'}, {'url': 'http://cdn.topjoycloud.com/6lY0YM8owcwHIA7AsU178g.png?height=663&width=1105'}, {'url': 'http://cdn.topjoycloud.com/tWItZUwgFjeyoB5FSMLmWw.png?height=1985&width=1191'}, {'url': 'http://cdn.topjoycloud.com/RiBPnZkx6rByDUpxbHxXvg.png?height=591&width=985'}, {'url': 'http://cdn.topjoycloud.com/RccsahbJPKOK3snGQiJXsA.png?height=1790&width=1074'}], 'totalCoin': 250160, 'leftCoin': 414774, 'source': 1, 'lightupType': 'NORMAL', 'dataType': 'LIGHTUP', 'expireTime': '2029-04-23 18:24:34.176', 'lightupScale': 0, 'status': 4, 'clickCount': 5632, 'createdTime': '2019-01-24 00:00:00.000', 'updatedTime': '2019-04-24 12:17:43.261', 'commentCount': 0, 'avatar': 'http://cdn.topjoycloud.com/N0lrq-PGDJHit2PDtr_RRA.png', 'nickName': 'account1', 'autoType': 0}, {'id': 57014, 'bizId': 'vBvwFxUfxgSONFfWTxrdzvLMACMohmvR', 'uid': 126, 'address': '浙江省杭州市江干区闸弄口街道石桥路二巷克拉公寓', 'longitude': 120.196505, 'latitude': 30.294866, 'adcode': '330100', 'level': 'city', 'word': '安庆', 'pictures': [{'url': 'http://cdn.topjoycloud.com/eC-WTsCEKo7if-NJgoNwqA.png?height=663&width=1105'}, {'url': 'http://cdn.topjoycloud.com/Rusn2Rh47dYvOmkwzsM7nA.png?height=591&width=985'}, {'url': 'http://cdn.topjoycloud.com/6lY0YM8owcwHIA7AsU178g.png?height=663&width=1105'}, {'url': 'http://cdn.topjoycloud.com/tWItZUwgFjeyoB5FSMLmWw.png?height=1985&width=1191'}, {'url': 'http://cdn.topjoycloud.com/RiBPnZkx6rByDUpxbHxXvg.png?height=591&width=985'}, {'url': 'http://cdn.topjoycloud.com/RccsahbJPKOK3snGQiJXsA.png?height=1790&width=1074'}], 'totalCoin': 239224, 'leftCoin': 239224, 'source': 1, 'lightupType': 'REWARD', 'dataType': 'LIGHTUP', 'expireTime': '2020-04-23 12:09:26.634', 'lightupScale': 5, 'status': 4, 'clickCount': 1872, 'createdTime': '2019-01-24 00:00:00.000', 'updatedTime': '2019-04-24 12:09:26.645', 'commentCount': 0, 'avatar': 'http://cdn.topjoycloud.com/S88QyY7tD1flGJ9BwhlOUw.png', 'nickName': 'jiusdl345', 'autoType': 0}, {'id': 55481, 'bizId': '42Nb6LfuWlwivHxGacymzv4UQ71CweGk', 'uid': 112, 'address': '浙江省杭州市江干区凯旋街道北京银行(贴沙河支行)紫晶大酒店', 'longitude': 120.19263, 'latitude': 30.258074, 'adcode': '330100', 'level': 'city', 'word': '#晚安,莫吉托# 点我头像更多房源哦!步行三里屯,60平阳光落地窗大开间,100英寸超大投影', 'pictures': [{'url': 'http://cdn.topjoycloud.com/lXoOhyuVDEgxfdMUnZHJqw.png?height=714&width=1190'}, {'url': 'http://cdn.topjoycloud.com/pzJfLpByOHKx_ROvxskNBQ.png?height=714&width=1190'}, {'url': 'http://cdn.topjoycloud.com/N1Fc1wox7DiNEyae9r0yDg.png?height=714&width=1190'}, {'url': 'http://cdn.topjoycloud.com/PUKy_knL-9YbEL8WAauJiw.png?height=714&width=1190'}, {'url': 'http://cdn.topjoycloud.com/rFaRa1DejpmdupGu90xY7A.png?height=714&width=1190'}, {'url': 'http://cdn.topjoycloud.com/I1Ei05pfa--MoriksJDz5g.png?height=714&width=1190'}], 'totalCoin': 318827, 'leftCoin': 878475, 'source': 1, 'lightupType': 'NORMAL', 'dataType': 'LIGHTUP', 'expireTime': '2029-04-23 18:18:26.554', 'lightupScale': 0, 'status': 4, 'clickCount': 1216, 'createdTime': '2019-01-24 00:00:00.000', 'updatedTime': '2019-04-24 12:56:17.553', 'commentCount': 0, 'avatar': 'http://cdn.topjoycloud.com/0xaV2L0Ana8OfPBJivfFoQ.png', 'nickName': 'ddd', 'autoType': 0}, {'id': 54718, 'bizId': '12pPAqSeRjSdjttzs49sZYF9hn39ypzD', 'uid': 110, 'address': '浙江省杭州市江干区凯旋街道北京银行(贴沙河支行)紫晶大酒店', 'longitude': 120.19263, 'latitude': 30.258074, 'adcode': '330100', 'level': 'city', 'word': '#晚安,莫吉托# 点我头像更多房源哦!步行三里屯,60平阳光落地窗大开间,100英寸超大投影', 'pictures': [{'url': 'http://cdn.topjoycloud.com/lXoOhyuVDEgxfdMUnZHJqw.png?height=714&width=1190'}, {'url': 'http://cdn.topjoycloud.com/pzJfLpByOHKx_ROvxskNBQ.png?height=714&width=1190'}, {'url': 'http://cdn.topjoycloud.com/N1Fc1wox7DiNEyae9r0yDg.png?height=714&width=1190'}, {'url': 'http://cdn.topjoycloud.com/PUKy_knL-9YbEL8WAauJiw.png?height=714&width=1190'}, {'url': 'http://cdn.topjoycloud.com/rFaRa1DejpmdupGu90xY7A.png?height=714&width=1190'}, {'url': 'http://cdn.topjoycloud.com/I1Ei05pfa--MoriksJDz5g.png?height=714&width=1190'}], 'totalCoin': 259195, 'leftCoin': 431917, 'source': 1, 'lightupType': 'NORMAL', 'dataType': 'LIGHTUP', 'expireTime': '2029-04-23 18:14:22.539', 'lightupScale': 0, 'status': 4, 'clickCount': 2335, 'createdTime': '2019-01-24 00:00:00.000', 'updatedTime': '2019-04-24 12:45:47.703', 'commentCount': 0, 'avatar': 'http://cdn.topjoycloud.com/N0lrq-PGDJHit2PDtr_RRA.png', 'nickName': 'account1', 'autoType': 0}, {'id': 56254, 'bizId': 'WGWnoFz5XpIy7TiYkittlVPMqs9POExK', 'uid': 1558, 'address': '浙江省杭州市江干区闸弄口街道石桥路二巷克拉公寓', 'longitude': 120.196505, 'latitude': 30.294866, 'adcode': '330100', 'level': 'city', 'word': '安庆', 'pictures': [{'url': 'http://cdn.topjoycloud.com/eC-WTsCEKo7if-NJgoNwqA.png?height=663&width=1105'}, {'url': 'http://cdn.topjoycloud.com/Rusn2Rh47dYvOmkwzsM7nA.png?height=591&width=985'}, {'url': 'http://cdn.topjoycloud.com/6lY0YM8owcwHIA7AsU178g.png?height=663&width=1105'}, {'url': 'http://cdn.topjoycloud.com/tWItZUwgFjeyoB5FSMLmWw.png?height=1985&width=1191'}, {'url': 'http://cdn.topjoycloud.com/RiBPnZkx6rByDUpxbHxXvg.png?height=591&width=985'}, {'url': 'http://cdn.topjoycloud.com/RccsahbJPKOK3snGQiJXsA.png?height=1790&width=1074'}], 'totalCoin': 557558, 'leftCoin': 718860, 'source': 1, 'lightupType': 'NORMAL', 'dataType': 'LIGHTUP', 'expireTime': '2029-04-23 18:23:51.452', 'lightupScale': 0, 'status': 4, 'clickCount': 2163, 'createdTime': '2019-01-24 00:00:00.000', 'updatedTime': '2019-04-24 12:21:09.963', 'commentCount': 0, 'nickName': 'account3', 'autoType': 0}, {'id': 55744, 'bizId': 'k5fIWYXD6N3elIm75p0rQClTrHF7q2te', 'uid': 126, 'address': '浙江省杭州市江干区闸弄口街道石桥路二巷克拉公寓', 'longitude': 120.196505, 'latitude': 30.294866, 'adcode': '330100', 'level': 'city', 'word': '安庆', 'pictures': [{'url': 'http://cdn.topjoycloud.com/eC-WTsCEKo7if-NJgoNwqA.png?height=663&width=1105'}, {'url': 'http://cdn.topjoycloud.com/Rusn2Rh47dYvOmkwzsM7nA.png?height=591&width=985'}, {'url': 'http://cdn.topjoycloud.com/6lY0YM8owcwHIA7AsU178g.png?height=663&width=1105'}, {'url': 'http://cdn.topjoycloud.com/tWItZUwgFjeyoB5FSMLmWw.png?height=1985&width=1191'}, {'url': 'http://cdn.topjoycloud.com/RiBPnZkx6rByDUpxbHxXvg.png?height=591&width=985'}, {'url': 'http://cdn.topjoycloud.com/RccsahbJPKOK3snGQiJXsA.png?height=1790&width=1074'}], 'totalCoin': 697711, 'leftCoin': 218939, 'source': 1, 'lightupType': 'NORMAL', 'dataType': 'LIGHTUP', 'expireTime': '2029-04-23 18:22:29.895', 'lightupScale': 0, 'status': 4, 'clickCount': 3929, 'createdTime': '2019-01-24 00:00:00.000', 'updatedTime': '2019-04-24 12:00:39.450', 'commentCount': 0, 'avatar': 'http://cdn.topjoycloud.com/S88QyY7tD1flGJ9BwhlOUw.png', 'nickName': 'jiusdl345', 'autoType': 0}]}
2021-06-15 16:43:29,045-case.test_api-INFO-点亮列表测试完成
